[ INFO | 23-06-2022 T 11:15:00.000 AM | LOG:	microservice is succesfully connected and raw data added in database ]
[ INFO | 23-06-2022 T 11:15:00.000 AM | LOG:	Example app listening at http://localhost:5000 ]
[ INFO | 23-06-2022 T 11:15:01.011 AM | LOG:	Populated Data is Added in database succesfully Connected ]
[ INFO | 23-06-2022 T 12:08:11.1111 PM | LOG:	microservice is succesfully connected and raw data added in database ]
[ INFO | 23-06-2022 T 12:08:11.1111 PM | LOG:	Example app listening at http://localhost:5000 ]
[ INFO | 23-06-2022 T 12:08:13.1313 PM | LOG:	Populated Data is Added in database succesfully Connected ]
[ INFO | 23-06-2022 T 12:08:13.1313 PM | LOG:	Populated Data is Added in database succesfully Connected ]
[ INFO | 23-06-2022 T 12:11:56.5656 PM | LOG:	microservice is succesfully connected and raw data added in database ]
[ INFO | 23-06-2022 T 12:11:56.5656 PM | LOG:	Example app listening at http://localhost:5000 ]
[ INFO | 23-06-2022 T 12:11:57.5757 PM | LOG:	Populated Data is Added in database succesfully Connected ]
[ INFO | 23-06-2022 T 12:11:57.5757 PM | LOG:	Populated Data is Added in database succesfully Connected ]
[ INFO | 23-06-2022 T 12:12:00.000 PM | LOG:	microservice is succesfully connected and raw data added in database ]
[ INFO | 23-06-2022 T 12:12:00.000 PM | LOG:	Example app listening at http://localhost:5000 ]
[ INFO | 23-06-2022 T 12:12:01.011 PM | LOG:	Populated Data is Added in database succesfully Connected ]
[ INFO | 23-06-2022 T 12:12:01.011 PM | LOG:	Populated Data is Added in database succesfully Connected ]
[ INFO | 23-06-2022 T 12:12:06.066 PM | LOG:	microservice is succesfully connected and raw data added in database ]
[ INFO | 23-06-2022 T 12:12:06.066 PM | LOG:	Example app listening at http://localhost:5000 ]
[ INFO | 23-06-2022 T 12:12:07.077 PM | LOG:	Populated Data is Added in database succesfully Connected ]
[ INFO | 23-06-2022 T 12:12:07.077 PM | LOG:	Populated Data is Added in database succesfully Connected ]
[ INFO | 23-06-2022 T 12:12:37.3737 PM | LOG:	microservice is succesfully connected and raw data added in database ]
[ INFO | 23-06-2022 T 12:12:37.3737 PM | LOG:	Example app listening at http://localhost:5000 ]
[ INFO | 23-06-2022 T 12:12:38.3838 PM | LOG:	Populated Data is Added in database succesfully Connected ]
[ INFO | 23-06-2022 T 12:12:38.3838 PM | LOG:	Populated Data is Added in database succesfully Connected ]
[ INFO | 23-06-2022 T 12:12:40.4040 PM | LOG:	microservice is succesfully connected and raw data added in database ]
[ INFO | 23-06-2022 T 12:12:40.4040 PM | LOG:	Example app listening at http://localhost:5000 ]
[ INFO | 23-06-2022 T 12:12:41.4141 PM | LOG:	Populated Data is Added in database succesfully Connected ]
[ INFO | 23-06-2022 T 12:12:41.4141 PM | LOG:	Populated Data is Added in database succesfully Connected ]
[ INFO | 23-06-2022 T 12:12:43.4343 PM | LOG:	microservice is succesfully connected and raw data added in database ]
[ INFO | 23-06-2022 T 12:12:43.4343 PM | LOG:	Example app listening at http://localhost:5000 ]
[ INFO | 23-06-2022 T 12:12:44.4444 PM | LOG:	Populated Data is Added in database succesfully Connected ]
[ INFO | 23-06-2022 T 12:12:44.4444 PM | LOG:	Populated Data is Added in database succesfully Connected ]
[ INFO | 23-06-2022 T 12:12:45.4545 PM | LOG:	microservice is succesfully connected and raw data added in database ]
[ INFO | 23-06-2022 T 12:12:45.4545 PM | LOG:	Example app listening at http://localhost:5000 ]
[ INFO | 23-06-2022 T 12:12:46.4646 PM | LOG:	Populated Data is Added in database succesfully Connected ]
[ INFO | 23-06-2022 T 12:12:46.4646 PM | LOG:	Populated Data is Added in database succesfully Connected ]
[ INFO | 23-06-2022 T 12:13:20.2020 PM | LOG:	microservice is succesfully connected and raw data added in database ]
[ INFO | 23-06-2022 T 12:13:20.2020 PM | LOG:	Example app listening at http://localhost:5000 ]
[ INFO | 23-06-2022 T 12:13:21.2121 PM | LOG:	Populated Data is Added in database succesfully Connected ]
[ INFO | 23-06-2022 T 12:13:21.2121 PM | LOG:	Populated Data is Added in database succesfully Connected ]
[ INFO | 23-06-2022 T 12:13:24.2424 PM | LOG:	microservice is succesfully connected and raw data added in database ]
[ INFO | 23-06-2022 T 12:13:24.2424 PM | LOG:	Example app listening at http://localhost:5000 ]
[ INFO | 23-06-2022 T 12:13:25.2525 PM | LOG:	Populated Data is Added in database succesfully Connected ]
[ INFO | 23-06-2022 T 12:13:25.2525 PM | LOG:	Populated Data is Added in database succesfully Connected ]
[ INFO | 23-06-2022 T 12:13:29.2929 PM | LOG:	microservice is succesfully connected and raw data added in database ]
[ INFO | 23-06-2022 T 12:13:29.2929 PM | LOG:	Example app listening at http://localhost:5000 ]
[ INFO | 23-06-2022 T 12:13:30.3030 PM | LOG:	Populated Data is Added in database succesfully Connected ]
[ INFO | 23-06-2022 T 12:13:30.3030 PM | LOG:	Populated Data is Added in database succesfully Connected ]
[ INFO | 23-06-2022 T 12:13:32.3232 PM | LOG:	microservice is succesfully connected and raw data added in database ]
[ INFO | 23-06-2022 T 12:13:32.3232 PM | LOG:	Example app listening at http://localhost:5000 ]
[ INFO | 23-06-2022 T 12:13:32.3232 PM | LOG:	Populated Data is Added in database succesfully Connected ]
[ INFO | 23-06-2022 T 12:13:32.3232 PM | LOG:	Populated Data is Added in database succesfully Connected ]
[ INFO | 23-06-2022 T 12:13:40.4040 PM | LOG:	microservice is succesfully connected and raw data added in database ]
[ INFO | 23-06-2022 T 12:13:40.4040 PM | LOG:	Example app listening at http://localhost:5000 ]
[ INFO | 23-06-2022 T 12:13:41.4141 PM | LOG:	Populated Data is Added in database succesfully Connected ]
[ INFO | 23-06-2022 T 12:13:41.4141 PM | LOG:	Populated Data is Added in database succesfully Connected ]
[ INFO | 23-06-2022 T 12:13:46.4646 PM | LOG:	microservice is succesfully connected and raw data added in database ]
[ INFO | 23-06-2022 T 12:13:46.4646 PM | LOG:	Example app listening at http://localhost:5000 ]
[ INFO | 23-06-2022 T 12:13:48.4848 PM | LOG:	microservice is succesfully connected and raw data added in database ]
[ INFO | 23-06-2022 T 12:13:48.4848 PM | LOG:	Example app listening at http://localhost:5000 ]
[ INFO | 23-06-2022 T 12:13:49.4949 PM | LOG:	Populated Data is Added in database succesfully Connected ]
[ INFO | 23-06-2022 T 12:13:49.4949 PM | LOG:	Populated Data is Added in database succesfully Connected ]
[ INFO | 23-06-2022 T 12:26:47.4747 PM | LOG:	Populated Data is Added in database succesfully Connected ]
[ INFO | 23-06-2022 T 12:27:18.1818 PM | LOG:	microservice is succesfully connected and raw data added in database ]
[ INFO | 23-06-2022 T 12:27:18.1818 PM | LOG:	Example app listening at http://localhost:5000 ]
[ INFO | 23-06-2022 T 12:27:19.1919 PM | LOG:	Populated Data is Added in database succesfully Connected ]
[ INFO | 23-06-2022 T 12:27:19.1919 PM | LOG:	Populated Data is Added in database succesfully Connected ]
[ INFO | 23-06-2022 T 12:27:52.5252 PM | LOG:	microservice is succesfully connected and raw data added in database ]
[ INFO | 23-06-2022 T 12:27:52.5252 PM | LOG:	Example app listening at http://localhost:5000 ]
[ INFO | 23-06-2022 T 12:27:53.5353 PM | LOG:	Populated Data is Added in database succesfully Connected ]
[ INFO | 23-06-2022 T 12:27:53.5353 PM | LOG:	Populated Data is Added in database succesfully Connected ]
[ INFO | 23-06-2022 T 12:27:59.5959 PM | LOG:	microservice is succesfully connected and raw data added in database ]
[ INFO | 23-06-2022 T 12:27:59.5959 PM | LOG:	Example app listening at http://localhost:5000 ]
[ INFO | 23-06-2022 T 12:28:00.000 PM | LOG:	Populated Data is Added in database succesfully Connected ]
[ INFO | 23-06-2022 T 12:28:00.000 PM | LOG:	Populated Data is Added in database succesfully Connected ]
[ INFO | 23-06-2022 T 12:29:52.5252 PM | LOG:	microservice is succesfully connected and raw data added in database ]
[ INFO | 23-06-2022 T 12:29:52.5252 PM | LOG:	Example app listening at http://localhost:5000 ]
[ INFO | 23-06-2022 T 12:29:53.5353 PM | LOG:	Populated Data is Added in database succesfully Connected ]
[ INFO | 23-06-2022 T 12:29:53.5353 PM | LOG:	Populated Data is Added in database succesfully Connected ]
[ INFO | 23-06-2022 T 12:29:55.5555 PM | LOG:	microservice is succesfully connected and raw data added in database ]
[ INFO | 23-06-2022 T 12:29:55.5555 PM | LOG:	Example app listening at http://localhost:5000 ]
[ INFO | 23-06-2022 T 12:29:56.5656 PM | LOG:	Populated Data is Added in database succesfully Connected ]
[ INFO | 23-06-2022 T 12:29:56.5656 PM | LOG:	Populated Data is Added in database succesfully Connected ]
[ INFO | 23-06-2022 T 12:29:57.5757 PM | LOG:	microservice is succesfully connected and raw data added in database ]
[ INFO | 23-06-2022 T 12:29:57.5757 PM | LOG:	Example app listening at http://localhost:5000 ]
[ INFO | 23-06-2022 T 12:29:58.5858 PM | LOG:	Populated Data is Added in database succesfully Connected ]
[ INFO | 23-06-2022 T 12:29:58.5858 PM | LOG:	Populated Data is Added in database succesfully Connected ]
[ INFO | 23-06-2022 T 12:30:53.5353 PM | LOG:	microservice is succesfully connected and raw data added in database ]
[ INFO | 23-06-2022 T 12:30:53.5353 PM | LOG:	Example app listening at http://localhost:5000 ]
[ INFO | 23-06-2022 T 12:30:54.5454 PM | LOG:	Populated Data is Added in database succesfully Connected ]
[ INFO | 23-06-2022 T 12:30:54.5454 PM | LOG:	Populated Data is Added in database succesfully Connected ]
[ INFO | 23-06-2022 T 12:30:56.5656 PM | LOG:	microservice is succesfully connected and raw data added in database ]
[ INFO | 23-06-2022 T 12:30:56.5656 PM | LOG:	Example app listening at http://localhost:5000 ]
[ INFO | 23-06-2022 T 12:30:56.5656 PM | LOG:	Populated Data is Added in database succesfully Connected ]
[ INFO | 23-06-2022 T 12:30:56.5656 PM | LOG:	Populated Data is Added in database succesfully Connected ]
[ INFO | 23-06-2022 T 12:31:00.000 PM | LOG:	microservice is succesfully connected and raw data added in database ]
[ INFO | 23-06-2022 T 12:31:00.000 PM | LOG:	Example app listening at http://localhost:5000 ]
[ INFO | 23-06-2022 T 12:31:37.3737 PM | LOG:	microservice is succesfully connected and raw data added in database ]
[ INFO | 23-06-2022 T 12:31:37.3737 PM | LOG:	Example app listening at http://localhost:5000 ]
[ INFO | 23-06-2022 T 12:31:38.3838 PM | LOG:	Populated Data is Added in database succesfully Connected ]
[ INFO | 23-06-2022 T 12:31:38.3838 PM | LOG:	Populated Data is Added in database succesfully Connected ]
[ INFO | 23-06-2022 T 12:31:40.4040 PM | LOG:	microservice is succesfully connected and raw data added in database ]
[ INFO | 23-06-2022 T 12:31:40.4040 PM | LOG:	Example app listening at http://localhost:5000 ]
[ INFO | 23-06-2022 T 12:31:42.4242 PM | LOG:	microservice is succesfully connected and raw data added in database ]
[ INFO | 23-06-2022 T 12:31:42.4242 PM | LOG:	Example app listening at http://localhost:5000 ]
[ INFO | 23-06-2022 T 12:31:43.4343 PM | LOG:	Populated Data is Added in database succesfully Connected ]
[ INFO | 23-06-2022 T 12:31:44.4444 PM | LOG:	Populated Data is Added in database succesfully Connected ]
[ INFO | 23-06-2022 T 12:31:45.4545 PM | LOG:	microservice is succesfully connected and raw data added in database ]
[ INFO | 23-06-2022 T 12:31:45.4545 PM | LOG:	Example app listening at http://localhost:5000 ]
[ INFO | 23-06-2022 T 12:31:49.4949 PM | LOG:	microservice is succesfully connected and raw data added in database ]
[ INFO | 23-06-2022 T 12:31:49.4949 PM | LOG:	Example app listening at http://localhost:5000 ]
[ INFO | 23-06-2022 T 12:31:50.5050 PM | LOG:	Populated Data is Added in database succesfully Connected ]
[ INFO | 23-06-2022 T 12:31:50.5050 PM | LOG:	Populated Data is Added in database succesfully Connected ]
[ INFO | 23-06-2022 T 12:31:58.5858 PM | LOG:	microservice is succesfully connected and raw data added in database ]
[ INFO | 23-06-2022 T 12:31:58.5858 PM | LOG:	Example app listening at http://localhost:5000 ]
[ INFO | 23-06-2022 T 12:31:59.5959 PM | LOG:	Populated Data is Added in database succesfully Connected ]
[ INFO | 23-06-2022 T 12:31:59.5959 PM | LOG:	Populated Data is Added in database succesfully Connected ]
[ INFO | 23-06-2022 T 12:32:01.011 PM | LOG:	microservice is succesfully connected and raw data added in database ]
[ INFO | 23-06-2022 T 12:32:01.011 PM | LOG:	Example app listening at http://localhost:5000 ]
[ INFO | 23-06-2022 T 12:32:01.011 PM | LOG:	Populated Data is Added in database succesfully Connected ]
[ INFO | 23-06-2022 T 12:32:02.022 PM | LOG:	Populated Data is Added in database succesfully Connected ]
[ INFO | 23-06-2022 T 12:32:04.044 PM | LOG:	microservice is succesfully connected and raw data added in database ]
[ INFO | 23-06-2022 T 12:32:04.044 PM | LOG:	Example app listening at http://localhost:5000 ]
[ INFO | 23-06-2022 T 12:32:05.055 PM | LOG:	Populated Data is Added in database succesfully Connected ]
[ INFO | 23-06-2022 T 12:32:05.055 PM | LOG:	Populated Data is Added in database succesfully Connected ]
[ INFO | 23-06-2022 T 12:32:38.3838 PM | LOG:	microservice is succesfully connected and raw data added in database ]
[ INFO | 23-06-2022 T 12:32:38.3838 PM | LOG:	Example app listening at http://localhost:5000 ]
[ INFO | 23-06-2022 T 12:33:01.011 PM | LOG:	microservice is succesfully connected and raw data added in database ]
[ INFO | 23-06-2022 T 12:33:01.011 PM | LOG:	Example app listening at http://localhost:5000 ]
[ INFO | 23-06-2022 T 12:33:03.033 PM | LOG:	microservice is succesfully connected and raw data added in database ]
[ INFO | 23-06-2022 T 12:33:03.033 PM | LOG:	Example app listening at http://localhost:5000 ]
[ INFO | 23-06-2022 T 12:33:05.055 PM | LOG:	microservice is succesfully connected and raw data added in database ]
[ INFO | 23-06-2022 T 12:33:05.055 PM | LOG:	Example app listening at http://localhost:5000 ]
[ INFO | 23-06-2022 T 12:33:08.088 PM | LOG:	microservice is succesfully connected and raw data added in database ]
[ INFO | 23-06-2022 T 12:33:08.088 PM | LOG:	Example app listening at http://localhost:5000 ]
[ INFO | 23-06-2022 T 12:33:10.1010 PM | LOG:	microservice is succesfully connected and raw data added in database ]
[ INFO | 23-06-2022 T 12:33:10.1010 PM | LOG:	Example app listening at http://localhost:5000 ]
[ INFO | 23-06-2022 T 12:33:13.1313 PM | LOG:	microservice is succesfully connected and raw data added in database ]
[ INFO | 23-06-2022 T 12:33:13.1313 PM | LOG:	Example app listening at http://localhost:5000 ]
[ INFO | 23-06-2022 T 12:33:15.1515 PM | LOG:	microservice is succesfully connected and raw data added in database ]
[ INFO | 23-06-2022 T 12:33:15.1515 PM | LOG:	Example app listening at http://localhost:5000 ]
[ INFO | 23-06-2022 T 12:33:18.1818 PM | LOG:	microservice is succesfully connected and raw data added in database ]
[ INFO | 23-06-2022 T 12:33:18.1818 PM | LOG:	Example app listening at http://localhost:5000 ]
[ INFO | 23-06-2022 T 12:33:23.2323 PM | LOG:	microservice is succesfully connected and raw data added in database ]
[ INFO | 23-06-2022 T 12:33:23.2323 PM | LOG:	Example app listening at http://localhost:5000 ]
[ INFO | 23-06-2022 T 12:33:28.2828 PM | LOG:	microservice is succesfully connected and raw data added in database ]
[ INFO | 23-06-2022 T 12:33:28.2828 PM | LOG:	Example app listening at http://localhost:5000 ]
[ INFO | 23-06-2022 T 12:33:29.2929 PM | LOG:	microservice is succesfully connected and raw data added in database ]
[ INFO | 23-06-2022 T 12:33:29.2929 PM | LOG:	Example app listening at http://localhost:5000 ]
[ INFO | 23-06-2022 T 12:33:35.3535 PM | LOG:	microservice is succesfully connected and raw data added in database ]
[ INFO | 23-06-2022 T 12:33:35.3535 PM | LOG:	Example app listening at http://localhost:5000 ]
[ INFO | 23-06-2022 T 12:33:56.5656 PM | LOG:	microservice is succesfully connected and raw data added in database ]
[ INFO | 23-06-2022 T 12:33:56.5656 PM | LOG:	Example app listening at http://localhost:5000 ]
[ INFO | 23-06-2022 T 12:33:57.5757 PM | LOG:	Populated Data is Added in database succesfully Connected ]
[ INFO | 23-06-2022 T 12:33:57.5757 PM | LOG:	Populated Data is Added in database succesfully Connected ]
[ INFO | 23-06-2022 T 12:34:01.011 PM | LOG:	microservice is succesfully connected and raw data added in database ]
[ INFO | 23-06-2022 T 12:34:01.011 PM | LOG:	Example app listening at http://localhost:5000 ]
[ INFO | 23-06-2022 T 12:34:04.044 PM | LOG:	microservice is succesfully connected and raw data added in database ]
[ INFO | 23-06-2022 T 12:34:04.044 PM | LOG:	Example app listening at http://localhost:5000 ]
[ INFO | 23-06-2022 T 12:34:24.2424 PM | LOG:	microservice is succesfully connected and raw data added in database ]
[ INFO | 23-06-2022 T 12:34:24.2424 PM | LOG:	Example app listening at http://localhost:5000 ]
[ INFO | 23-06-2022 T 12:34:27.2727 PM | LOG:	microservice is succesfully connected and raw data added in database ]
[ INFO | 23-06-2022 T 12:34:27.2727 PM | LOG:	Example app listening at http://localhost:5000 ]
[ INFO | 23-06-2022 T 12:34:29.2929 PM | LOG:	microservice is succesfully connected and raw data added in database ]
[ INFO | 23-06-2022 T 12:34:29.2929 PM | LOG:	Example app listening at http://localhost:5000 ]
[ INFO | 23-06-2022 T 12:34:30.3030 PM | LOG:	Populated Data is Added in database succesfully Connected ]
[ INFO | 23-06-2022 T 12:34:30.3030 PM | LOG:	Populated Data is Added in database succesfully Connected ]
[ INFO | 23-06-2022 T 12:34:33.3333 PM | LOG:	microservice is succesfully connected and raw data added in database ]
[ INFO | 23-06-2022 T 12:34:33.3333 PM | LOG:	Example app listening at http://localhost:5000 ]
[ INFO | 23-06-2022 T 12:34:34.3434 PM | LOG:	Populated Data is Added in database succesfully Connected ]
[ INFO | 23-06-2022 T 12:34:34.3434 PM | LOG:	Populated Data is Added in database succesfully Connected ]
[ INFO | 23-06-2022 T 12:36:04.044 PM | LOG:	microservice is succesfully connected and raw data added in database ]
[ INFO | 23-06-2022 T 12:36:04.044 PM | LOG:	Example app listening at http://localhost:5000 ]
[ INFO | 23-06-2022 T 12:36:06.066 PM | LOG:	microservice is succesfully connected and raw data added in database ]
[ INFO | 23-06-2022 T 12:36:06.066 PM | LOG:	Example app listening at http://localhost:5000 ]
[ INFO | 23-06-2022 T 12:36:08.088 PM | LOG:	microservice is succesfully connected and raw data added in database ]
[ INFO | 23-06-2022 T 12:36:08.088 PM | LOG:	Example app listening at http://localhost:5000 ]
[ INFO | 23-06-2022 T 12:36:09.099 PM | LOG:	microservice is succesfully connected and raw data added in database ]
[ INFO | 23-06-2022 T 12:36:09.099 PM | LOG:	Example app listening at http://localhost:5000 ]
[ INFO | 23-06-2022 T 12:36:11.1111 PM | LOG:	microservice is succesfully connected and raw data added in database ]
[ INFO | 23-06-2022 T 12:36:11.1111 PM | LOG:	Example app listening at http://localhost:5000 ]
[ INFO | 23-06-2022 T 12:36:12.1212 PM | LOG:	Populated Data is Added in database succesfully Connected ]
[ INFO | 23-06-2022 T 12:36:12.1212 PM | LOG:	Populated Data is Added in database succesfully Connected ]
[ INFO | 23-06-2022 T 12:39:09.099 PM | LOG:	microservice is succesfully connected and raw data added in database ]
[ INFO | 23-06-2022 T 12:39:09.099 PM | LOG:	Example app listening at http://localhost:5000 ]
[ INFO | 23-06-2022 T 12:39:11.1111 PM | LOG:	microservice is succesfully connected and raw data added in database ]
[ INFO | 23-06-2022 T 12:39:11.1111 PM | LOG:	Example app listening at http://localhost:5000 ]
[ INFO | 23-06-2022 T 12:39:15.1515 PM | LOG:	microservice is succesfully connected and raw data added in database ]
[ INFO | 23-06-2022 T 12:39:15.1515 PM | LOG:	Example app listening at http://localhost:5000 ]
[ INFO | 23-06-2022 T 12:39:16.1616 PM | LOG:	Populated Data is Added in database succesfully Connected ]
[ INFO | 23-06-2022 T 12:39:16.1616 PM | LOG:	Populated Data is Added in database succesfully Connected ]
[ INFO | 23-06-2022 T 12:39:21.2121 PM | LOG:	microservice is succesfully connected and raw data added in database ]
[ INFO | 23-06-2022 T 12:39:21.2121 PM | LOG:	Example app listening at http://localhost:5000 ]
[ INFO | 23-06-2022 T 12:39:22.2222 PM | LOG:	microservice is succesfully connected and raw data added in database ]
[ INFO | 23-06-2022 T 12:39:22.2222 PM | LOG:	Example app listening at http://localhost:5000 ]
[ INFO | 23-06-2022 T 12:39:23.2323 PM | LOG:	Populated Data is Added in database succesfully Connected ]
[ INFO | 23-06-2022 T 12:39:24.2424 PM | LOG:	Populated Data is Added in database succesfully Connected ]
[ INFO | 23-06-2022 T 12:39:26.2626 PM | LOG:	microservice is succesfully connected and raw data added in database ]
[ INFO | 23-06-2022 T 12:39:26.2626 PM | LOG:	Example app listening at http://localhost:5000 ]
[ INFO | 23-06-2022 T 12:39:28.2828 PM | LOG:	microservice is succesfully connected and raw data added in database ]
[ INFO | 23-06-2022 T 12:39:28.2828 PM | LOG:	Example app listening at http://localhost:5000 ]
[ INFO | 23-06-2022 T 12:39:30.3030 PM | LOG:	Populated Data is Added in database succesfully Connected ]
[ INFO | 23-06-2022 T 12:39:30.3030 PM | LOG:	Populated Data is Added in database succesfully Connected ]
[ INFO | 23-06-2022 T 12:39:49.4949 PM | LOG:	microservice is succesfully connected and raw data added in database ]
[ INFO | 23-06-2022 T 12:39:49.4949 PM | LOG:	Example app listening at http://localhost:5000 ]
[ INFO | 23-06-2022 T 12:39:50.5050 PM | LOG:	Populated Data is Added in database succesfully Connected ]
[ INFO | 23-06-2022 T 12:39:50.5050 PM | LOG:	Populated Data is Added in database succesfully Connected ]
[ INFO | 23-06-2022 T 12:40:13.1313 PM | LOG:	microservice is succesfully connected and raw data added in database ]
[ INFO | 23-06-2022 T 12:40:13.1313 PM | LOG:	Example app listening at http://localhost:5000 ]
[ INFO | 23-06-2022 T 12:40:17.1717 PM | LOG:	microservice is succesfully connected and raw data added in database ]
[ INFO | 23-06-2022 T 12:40:17.1717 PM | LOG:	Example app listening at http://localhost:5000 ]
[ INFO | 23-06-2022 T 12:40:18.1818 PM | LOG:	Populated Data is Added in database succesfully Connected ]
[ INFO | 23-06-2022 T 12:40:19.1919 PM | LOG:	Populated Data is Added in database succesfully Connected ]
[ INFO | 23-06-2022 T 12:40:19.1919 PM | LOG:	Populated Data is Added in database succesfully Connected ]
[ INFO | 23-06-2022 T 12:40:49.4949 PM | LOG:	microservice is succesfully connected and raw data added in database ]
[ INFO | 23-06-2022 T 12:40:49.4949 PM | LOG:	Example app listening at http://localhost:5000 ]
[ INFO | 23-06-2022 T 12:40:50.5050 PM | LOG:	Populated Data is Added in database succesfully Connected ]
[ INFO | 23-06-2022 T 12:40:50.5050 PM | LOG:	Populated Data is Added in database succesfully Connected ]
[ INFO | 23-06-2022 T 12:42:21.2121 PM | LOG:	microservice is succesfully connected and raw data added in database ]
[ INFO | 23-06-2022 T 12:42:21.2121 PM | LOG:	Example app listening at http://localhost:5000 ]
[ INFO | 23-06-2022 T 12:42:24.2424 PM | LOG:	Populated Data is Added in database succesfully Connected ]
[ INFO | 23-06-2022 T 12:42:24.2424 PM | LOG:	Populated Data is Added in database succesfully Connected ]
[ INFO | 23-06-2022 T 12:42:25.2525 PM | LOG:	microservice is succesfully connected and raw data added in database ]
[ INFO | 23-06-2022 T 12:42:25.2525 PM | LOG:	Example app listening at http://localhost:5000 ]
[ INFO | 23-06-2022 T 12:42:28.2828 PM | LOG:	Populated Data is Added in database succesfully Connected ]
[ INFO | 23-06-2022 T 12:42:28.2828 PM | LOG:	Populated Data is Added in database succesfully Connected ]
[ INFO | 23-06-2022 T 12:42:31.3131 PM | LOG:	microservice is succesfully connected and raw data added in database ]
[ INFO | 23-06-2022 T 12:42:32.3232 PM | LOG:	Example app listening at http://localhost:5000 ]
[ INFO | 23-06-2022 T 12:42:33.3333 PM | LOG:	Populated Data is Added in database succesfully Connected ]
[ INFO | 23-06-2022 T 12:42:34.3434 PM | LOG:	Populated Data is Added in database succesfully Connected ]
[ INFO | 23-06-2022 T 12:42:41.4141 PM | LOG:	microservice is succesfully connected and raw data added in database ]
[ INFO | 23-06-2022 T 12:42:41.4141 PM | LOG:	Example app listening at http://localhost:5000 ]
[ INFO | 23-06-2022 T 12:42:43.4343 PM | LOG:	Populated Data is Added in database succesfully Connected ]
[ INFO | 23-06-2022 T 12:42:43.4343 PM | LOG:	Populated Data is Added in database succesfully Connected ]
[ INFO | 23-06-2022 T 12:56:26.2626 PM | LOG:	microservice is succesfully connected and raw data added in database ]
[ INFO | 23-06-2022 T 12:56:26.2626 PM | LOG:	Example app listening at http://localhost:5000 ]
[ INFO | 23-06-2022 T 12:56:28.2828 PM | LOG:	microservice is succesfully connected and raw data added in database ]
[ INFO | 23-06-2022 T 12:56:28.2828 PM | LOG:	Example app listening at http://localhost:5000 ]
[ INFO | 23-06-2022 T 12:56:30.3030 PM | LOG:	Populated Data is Added in database succesfully Connected ]
[ INFO | 23-06-2022 T 12:56:31.3131 PM | LOG:	Populated Data is Added in database succesfully Connected ]
[ INFO | 23-06-2022 T 12:56:33.3333 PM | LOG:	microservice is succesfully connected and raw data added in database ]
[ INFO | 23-06-2022 T 12:56:33.3333 PM | LOG:	Example app listening at http://localhost:5000 ]
[ INFO | 23-06-2022 T 12:56:35.3535 PM | LOG:	Populated Data is Added in database succesfully Connected ]
[ INFO | 23-06-2022 T 12:56:38.3838 PM | LOG:	microservice is succesfully connected and raw data added in database ]
[ INFO | 23-06-2022 T 12:56:38.3838 PM | LOG:	Example app listening at http://localhost:5000 ]
[ INFO | 23-06-2022 T 12:56:44.4444 PM | LOG:	microservice is succesfully connected and raw data added in database ]
[ INFO | 23-06-2022 T 12:56:44.4444 PM | LOG:	Example app listening at http://localhost:5000 ]
[ INFO | 23-06-2022 T 12:56:46.4646 PM | LOG:	Populated Data is Added in database succesfully Connected ]
[ INFO | 23-06-2022 T 12:56:47.4747 PM | LOG:	Populated Data is Added in database succesfully Connected ]
[ INFO | 23-06-2022 T 12:57:03.033 PM | LOG:	microservice is succesfully connected and raw data added in database ]
[ INFO | 23-06-2022 T 12:57:03.033 PM | LOG:	Example app listening at http://localhost:5000 ]
[ INFO | 23-06-2022 T 12:57:06.066 PM | LOG:	Populated Data is Added in database succesfully Connected ]
[ INFO | 23-06-2022 T 12:57:06.066 PM | LOG:	Populated Data is Added in database succesfully Connected ]
[ INFO | 23-06-2022 T 12:57:10.1010 PM | LOG:	microservice is succesfully connected and raw data added in database ]
[ INFO | 23-06-2022 T 12:57:10.1010 PM | LOG:	Example app listening at http://localhost:5000 ]
[ INFO | 23-06-2022 T 12:57:12.1212 PM | LOG:	Populated Data is Added in database succesfully Connected ]
[ INFO | 23-06-2022 T 12:57:12.1212 PM | LOG:	Populated Data is Added in database succesfully Connected ]
[ INFO | 23-06-2022 T 12:57:15.1515 PM | LOG:	microservice is succesfully connected and raw data added in database ]
[ INFO | 23-06-2022 T 12:57:15.1515 PM | LOG:	Example app listening at http://localhost:5000 ]
[ INFO | 23-06-2022 T 12:57:18.1818 PM | LOG:	microservice is succesfully connected and raw data added in database ]
[ INFO | 23-06-2022 T 12:57:18.1818 PM | LOG:	Example app listening at http://localhost:5000 ]
[ INFO | 23-06-2022 T 12:57:19.1919 PM | LOG:	microservice is succesfully connected and raw data added in database ]
[ INFO | 23-06-2022 T 12:57:19.1919 PM | LOG:	Example app listening at http://localhost:5000 ]
[ INFO | 23-06-2022 T 12:57:21.2121 PM | LOG:	Populated Data is Added in database succesfully Connected ]
[ INFO | 23-06-2022 T 12:57:22.2222 PM | LOG:	Populated Data is Added in database succesfully Connected ]
[ INFO | 23-06-2022 T 12:57:25.2525 PM | LOG:	microservice is succesfully connected and raw data added in database ]
[ INFO | 23-06-2022 T 12:57:25.2525 PM | LOG:	Example app listening at http://localhost:5000 ]
[ INFO | 23-06-2022 T 12:57:28.2828 PM | LOG:	microservice is succesfully connected and raw data added in database ]
[ INFO | 23-06-2022 T 12:57:28.2828 PM | LOG:	Example app listening at http://localhost:5000 ]
[ INFO | 23-06-2022 T 12:57:31.3131 PM | LOG:	Populated Data is Added in database succesfully Connected ]
[ INFO | 23-06-2022 T 12:57:31.3131 PM | LOG:	Populated Data is Added in database succesfully Connected ]
[ INFO | 23-06-2022 T 12:58:28.2828 PM | LOG:	microservice is succesfully connected and raw data added in database ]
[ INFO | 23-06-2022 T 12:58:28.2828 PM | LOG:	Example app listening at http://localhost:5000 ]
[ INFO | 23-06-2022 T 12:58:31.3131 PM | LOG:	Populated Data is Added in database succesfully Connected ]
[ INFO | 23-06-2022 T 12:58:31.3131 PM | LOG:	Populated Data is Added in database succesfully Connected ]
[ INFO | 23-06-2022 T 12:59:05.055 PM | LOG:	microservice is succesfully connected and raw data added in database ]
[ INFO | 23-06-2022 T 12:59:05.055 PM | LOG:	Example app listening at http://localhost:5000 ]
[ INFO | 23-06-2022 T 12:59:07.077 PM | LOG:	Populated Data is Added in database succesfully Connected ]
[ INFO | 23-06-2022 T 12:59:08.088 PM | LOG:	Populated Data is Added in database succesfully Connected ]
[ INFO | 23-06-2022 T 12:59:30.3030 PM | LOG:	microservice is succesfully connected and raw data added in database ]
[ INFO | 23-06-2022 T 12:59:30.3030 PM | LOG:	Example app listening at http://localhost:5000 ]
[ INFO | 23-06-2022 T 12:59:32.3232 PM | LOG:	microservice is succesfully connected and raw data added in database ]
[ INFO | 23-06-2022 T 12:59:32.3232 PM | LOG:	Example app listening at http://localhost:5000 ]
[ INFO | 23-06-2022 T 12:59:34.3434 PM | LOG:	Populated Data is Added in database succesfully Connected ]
[ INFO | 23-06-2022 T 12:59:35.3535 PM | LOG:	Populated Data is Added in database succesfully Connected ]
[ INFO | 23-06-2022 T 12:59:35.3535 PM | LOG:	Populated Data is Added in database succesfully Connected ]
[ INFO | 23-06-2022 T 01:06:22.2222 PM | LOG:	microservice is succesfully connected and raw data added in database ]
[ INFO | 23-06-2022 T 01:06:22.2222 PM | LOG:	Example app listening at http://localhost:5000 ]
[ INFO | 23-06-2022 T 01:06:24.2424 PM | LOG:	Populated Data is Added in database succesfully Connected ]
[ INFO | 23-06-2022 T 01:06:26.2626 PM | LOG:	microservice is succesfully connected and raw data added in database ]
[ INFO | 23-06-2022 T 01:06:26.2626 PM | LOG:	Example app listening at http://localhost:5000 ]
[ INFO | 23-06-2022 T 01:06:27.2727 PM | LOG:	Populated Data is Added in database succesfully Connected ]
[ INFO | 23-06-2022 T 01:06:28.2828 PM | LOG:	Populated Data is Added in database succesfully Connected ]
[ INFO | 23-06-2022 T 01:11:59.5959 PM | LOG:	microservice is succesfully connected and raw data added in database ]
[ INFO | 23-06-2022 T 01:11:59.5959 PM | LOG:	Example app listening at http://localhost:5000 ]
[ INFO | 23-06-2022 T 01:12:01.011 PM | LOG:	microservice is succesfully connected and raw data added in database ]
[ INFO | 23-06-2022 T 01:12:01.011 PM | LOG:	Example app listening at http://localhost:5000 ]
[ INFO | 23-06-2022 T 01:12:03.033 PM | LOG:	microservice is succesfully connected and raw data added in database ]
[ INFO | 23-06-2022 T 01:12:03.033 PM | LOG:	Example app listening at http://localhost:5000 ]
[ INFO | 23-06-2022 T 01:12:05.055 PM | LOG:	Populated Data is Added in database succesfully Connected ]
[ INFO | 23-06-2022 T 01:12:06.066 PM | LOG:	Populated Data is Added in database succesfully Connected ]
[ INFO | 23-06-2022 T 01:12:17.1717 PM | LOG:	microservice is succesfully connected and raw data added in database ]
[ INFO | 23-06-2022 T 01:12:17.1717 PM | LOG:	Example app listening at http://localhost:5000 ]
[ INFO | 23-06-2022 T 01:12:24.2424 PM | LOG:	Populated Data is Added in database succesfully Connected ]
[ INFO | 23-06-2022 T 01:12:24.2424 PM | LOG:	Populated Data is Added in database succesfully Connected ]
[ INFO | 23-06-2022 T 01:12:35.3535 PM | LOG:	microservice is succesfully connected and raw data added in database ]
[ INFO | 23-06-2022 T 01:12:35.3535 PM | LOG:	Example app listening at http://localhost:5000 ]
[ INFO | 23-06-2022 T 01:12:37.3737 PM | LOG:	Populated Data is Added in database succesfully Connected ]
[ INFO | 23-06-2022 T 01:12:38.3838 PM | LOG:	Populated Data is Added in database succesfully Connected ]
[ INFO | 23-06-2022 T 02:08:40.4040 PM | LOG:	Populated Data is Added in database succesfully Connected ]
[ INFO | 23-06-2022 T 02:08:40.4040 PM | LOG:	Populated Data is Added in database succesfully Connected ]
[ INFO | 23-06-2022 T 02:10:08.088 PM | LOG:	microservice is succesfully connected and raw data added in database ]
[ INFO | 23-06-2022 T 02:10:08.088 PM | LOG:	Example app listening at http://localhost:5000 ]
[ INFO | 23-06-2022 T 02:10:11.1111 PM | LOG:	Populated Data is Added in database succesfully Connected ]
[ INFO | 23-06-2022 T 02:10:11.1111 PM | LOG:	Populated Data is Added in database succesfully Connected ]
[ INFO | 23-06-2022 T 02:10:16.1616 PM | LOG:	microservice is succesfully connected and raw data added in database ]
[ INFO | 23-06-2022 T 02:10:16.1616 PM | LOG:	Example app listening at http://localhost:5000 ]
[ INFO | 23-06-2022 T 02:10:19.1919 PM | LOG:	microservice is succesfully connected and raw data added in database ]
[ INFO | 23-06-2022 T 02:10:19.1919 PM | LOG:	Example app listening at http://localhost:5000 ]
[ INFO | 23-06-2022 T 02:10:22.2222 PM | LOG:	microservice is succesfully connected and raw data added in database ]
[ INFO | 23-06-2022 T 02:10:22.2222 PM | LOG:	Example app listening at http://localhost:5000 ]
[ INFO | 23-06-2022 T 02:10:24.2424 PM | LOG:	Populated Data is Added in database succesfully Connected ]
[ INFO | 23-06-2022 T 02:10:24.2424 PM | LOG:	Populated Data is Added in database succesfully Connected ]
[ INFO | 23-06-2022 T 02:10:25.2525 PM | LOG:	Populated Data is Added in database succesfully Connected ]
[ INFO | 23-06-2022 T 02:10:28.2828 PM | LOG:	microservice is succesfully connected and raw data added in database ]
[ INFO | 23-06-2022 T 02:10:28.2828 PM | LOG:	Example app listening at http://localhost:5000 ]
[ INFO | 23-06-2022 T 02:10:30.3030 PM | LOG:	Populated Data is Added in database succesfully Connected ]
[ INFO | 23-06-2022 T 02:10:31.3131 PM | LOG:	Populated Data is Added in database succesfully Connected ]
[ INFO | 23-06-2022 T 02:10:36.3636 PM | LOG:	microservice is succesfully connected and raw data added in database ]
[ INFO | 23-06-2022 T 02:10:36.3636 PM | LOG:	Example app listening at http://localhost:5000 ]
[ INFO | 23-06-2022 T 02:10:38.3838 PM | LOG:	Populated Data is Added in database succesfully Connected ]
[ INFO | 23-06-2022 T 02:10:38.3838 PM | LOG:	Populated Data is Added in database succesfully Connected ]
[ INFO | 23-06-2022 T 02:41:40.4040 PM | LOG:	microservice is succesfully connected and raw data added in database ]
[ INFO | 23-06-2022 T 02:41:40.4040 PM | LOG:	Example app listening at http://localhost:5000 ]
[ INFO | 23-06-2022 T 02:41:47.4747 PM | LOG:	microservice is succesfully connected and raw data added in database ]
[ INFO | 23-06-2022 T 02:41:47.4747 PM | LOG:	Example app listening at http://localhost:5000 ]
[ INFO | 23-06-2022 T 02:41:49.4949 PM | LOG:	microservice is succesfully connected and raw data added in database ]
[ INFO | 23-06-2022 T 02:41:49.4949 PM | LOG:	Example app listening at http://localhost:5000 ]
[ INFO | 23-06-2022 T 02:41:51.5151 PM | LOG:	Populated Data is Added in database succesfully Connected ]
[ INFO | 23-06-2022 T 02:41:51.5151 PM | LOG:	Populated Data is Added in database succesfully Connected ]
[ INFO | 23-06-2022 T 02:41:56.5656 PM | LOG:	microservice is succesfully connected and raw data added in database ]
[ INFO | 23-06-2022 T 02:41:56.5656 PM | LOG:	Example app listening at http://localhost:5000 ]
[ INFO | 23-06-2022 T 02:41:59.5959 PM | LOG:	Populated Data is Added in database succesfully Connected ]
[ INFO | 23-06-2022 T 02:41:59.5959 PM | LOG:	Populated Data is Added in database succesfully Connected ]
[ INFO | 23-06-2022 T 04:17:05.055 PM | LOG:	Populated Data is Added in database succesfully Connected ]
[ INFO | 23-06-2022 T 04:47:27.2727 PM | LOG:	Populated Data is Added in database succesfully Connected ]
[ INFO | 23-06-2022 T 04:51:18.1818 PM | LOG:	Populated Data is Added in database succesfully Connected ]
[ INFO | 23-06-2022 T 05:46:14.1414 PM | LOG:	microservice is succesfully connected and raw data added in database ]
[ INFO | 23-06-2022 T 05:46:14.1414 PM | LOG:	Example app listening at http://localhost:5000 ]
[ INFO | 23-06-2022 T 05:46:16.1616 PM | LOG:	Populated Data is Added in database succesfully Connected ]
[ INFO | 23-06-2022 T 05:46:17.1717 PM | LOG:	microservice is succesfully connected and raw data added in database ]
[ INFO | 23-06-2022 T 05:46:17.1717 PM | LOG:	Example app listening at http://localhost:5000 ]
[ INFO | 23-06-2022 T 05:46:20.2020 PM | LOG:	microservice is succesfully connected and raw data added in database ]
[ INFO | 23-06-2022 T 05:46:20.2020 PM | LOG:	Example app listening at http://localhost:5000 ]
[ INFO | 23-06-2022 T 05:46:23.2323 PM | LOG:	microservice is succesfully connected and raw data added in database ]
[ INFO | 23-06-2022 T 05:46:23.2323 PM | LOG:	Example app listening at http://localhost:5000 ]
[ INFO | 23-06-2022 T 05:46:26.2626 PM | LOG:	microservice is succesfully connected and raw data added in database ]
[ INFO | 23-06-2022 T 05:46:26.2626 PM | LOG:	Example app listening at http://localhost:5000 ]
[ INFO | 23-06-2022 T 05:46:27.2727 PM | LOG:	microservice is succesfully connected and raw data added in database ]
[ INFO | 23-06-2022 T 05:46:27.2727 PM | LOG:	Example app listening at http://localhost:5000 ]
[ INFO | 23-06-2022 T 05:46:29.2929 PM | LOG:	Populated Data is Added in database succesfully Connected ]
[ INFO | 23-06-2022 T 05:46:29.2929 PM | LOG:	Populated Data is Added in database succesfully Connected ]
[ INFO | 23-06-2022 T 05:47:11.1111 PM | LOG:	microservice is succesfully connected and raw data added in database ]
[ INFO | 23-06-2022 T 05:47:11.1111 PM | LOG:	Example app listening at http://localhost:5000 ]
[ INFO | 23-06-2022 T 05:47:12.1212 PM | LOG:	Populated Data is Added in database succesfully Connected ]
[ INFO | 23-06-2022 T 05:47:13.1313 PM | LOG:	Populated Data is Added in database succesfully Connected ]
[ INFO | 23-06-2022 T 05:47:48.4848 PM | LOG:	microservice is succesfully connected and raw data added in database ]
[ INFO | 23-06-2022 T 05:47:48.4848 PM | LOG:	Example app listening at http://localhost:5000 ]
[ INFO | 23-06-2022 T 05:47:50.5050 PM | LOG:	Populated Data is Added in database succesfully Connected ]
[ INFO | 23-06-2022 T 05:47:50.5050 PM | LOG:	Populated Data is Added in database succesfully Connected ]
[ INFO | 23-06-2022 T 05:48:04.044 PM | LOG:	microservice is succesfully connected and raw data added in database ]
[ INFO | 23-06-2022 T 05:48:04.044 PM | LOG:	Example app listening at http://localhost:5000 ]
[ INFO | 23-06-2022 T 05:48:05.055 PM | LOG:	microservice is succesfully connected and raw data added in database ]
[ INFO | 23-06-2022 T 05:48:05.055 PM | LOG:	Example app listening at http://localhost:5000 ]
[ INFO | 23-06-2022 T 05:48:07.077 PM | LOG:	Populated Data is Added in database succesfully Connected ]
[ INFO | 23-06-2022 T 05:48:08.088 PM | LOG:	Populated Data is Added in database succesfully Connected ]
[ ERROR | 23-06-2022 T 05:54:49.4949 PM | LOG:	this is API call from /applicant/:id Fail Msg: CastError: Cast to ObjectId failed for value ":id" (type string) at path "_id" for model "registration" ]
[ INFO | 23-06-2022 T 05:55:10.1010 PM | LOG:	microservice is succesfully connected and raw data added in database ]
[ INFO | 23-06-2022 T 05:55:10.1010 PM | LOG:	Example app listening at http://localhost:5000 ]
[ INFO | 23-06-2022 T 05:55:13.1313 PM | LOG:	microservice is succesfully connected and raw data added in database ]
[ INFO | 23-06-2022 T 05:55:13.1313 PM | LOG:	Example app listening at http://localhost:5000 ]
[ INFO | 23-06-2022 T 05:55:15.1515 PM | LOG:	Populated Data is Added in database succesfully Connected ]
[ INFO | 23-06-2022 T 05:55:15.1515 PM | LOG:	Populated Data is Added in database succesfully Connected ]
[ INFO | 23-06-2022 T 05:55:18.1818 PM | LOG:	microservice is succesfully connected and raw data added in database ]
[ INFO | 23-06-2022 T 05:55:18.1818 PM | LOG:	Example app listening at http://localhost:5000 ]
[ INFO | 23-06-2022 T 05:55:20.2020 PM | LOG:	Populated Data is Added in database succesfully Connected ]
[ ERROR | 23-06-2022 T 05:58:37.3737 PM | LOG:	this is API call from /applicant/:id Fail Msg: CastError: Cast to ObjectId failed for value ":id" (type string) at path "_id" for model "registration" ]
[ INFO | 23-06-2022 T 06:05:06.066 PM | LOG:	microservice is succesfully connected and raw data added in database ]
[ INFO | 23-06-2022 T 06:05:06.066 PM | LOG:	Example app listening at http://localhost:5000 ]
[ INFO | 23-06-2022 T 06:05:08.088 PM | LOG:	Populated Data is Added in database succesfully Connected ]
[ INFO | 23-06-2022 T 06:09:07.077 PM | LOG:	Populated Data is Added in database succesfully Connected ]
[ INFO | 23-06-2022 T 06:11:54.5454 PM | LOG:	Populated Data is Added in database succesfully Connected ]
[ INFO | 23-06-2022 T 06:13:46.4646 PM | LOG:	microservice is succesfully connected and raw data added in database ]
[ INFO | 23-06-2022 T 06:13:46.4646 PM | LOG:	Example app listening at http://localhost:5000 ]
[ INFO | 23-06-2022 T 06:13:47.4747 PM | LOG:	microservice is succesfully connected and raw data added in database ]
[ INFO | 23-06-2022 T 06:13:47.4747 PM | LOG:	Example app listening at http://localhost:5000 ]
[ INFO | 23-06-2022 T 06:13:49.4949 PM | LOG:	Populated Data is Added in database succesfully Connected ]
[ INFO | 23-06-2022 T 06:13:49.4949 PM | LOG:	Populated Data is Added in database succesfully Connected ]
[ INFO | 23-06-2022 T 06:14:32.3232 PM | LOG:	Populated Data is Added in database succesfully Connected ]
[ INFO | 24-06-2022 T 10:46:16.1616 AM | LOG:	microservice is succesfully connected and raw data added in database ]
[ INFO | 24-06-2022 T 10:46:16.1616 AM | LOG:	Example app listening at http://localhost:5000 ]
[ INFO | 24-06-2022 T 10:46:19.1919 AM | LOG:	Populated Data is Added in database succesfully Connected ]
[ INFO | 24-06-2022 T 10:46:20.2020 AM | LOG:	Populated Data is Added in database succesfully Connected ]
[ INFO | 24-06-2022 T 11:04:16.1616 AM | LOG:	Populated Data is Added in database succesfully Connected ]
[ INFO | 24-06-2022 T 11:06:52.5252 AM | LOG:	Populated Data is Added in database succesfully Connected ]
[ INFO | 24-06-2022 T 11:36:58.5858 AM | LOG:	Populated Data is Added in database succesfully Connected ]
[ ERROR | 24-06-2022 T 12:31:37.3737 PM | LOG:	this is API call from /common/populate Fail Msg: TypeError: Cannot read properties of undefined (reading 'ErrorData') ]
[ ERROR | 24-06-2022 T 12:35:30.3030 PM | LOG:	this is API call from /common/populate Fail Msg: TypeError: Cannot read properties of undefined (reading 'ErrorData') ]
[ INFO | 24-06-2022 T 12:36:51.5151 PM | LOG:	microservice is succesfully connected and raw data added in database ]
[ INFO | 24-06-2022 T 12:36:51.5151 PM | LOG:	Example app listening at http://localhost:5000 ]
[ INFO | 24-06-2022 T 12:36:54.5454 PM | LOG:	Populated Data is Added in database succesfully Connected ]
[ INFO | 24-06-2022 T 12:36:55.5555 PM | LOG:	Populated Data is Added in database succesfully Connected ]
[ ERROR | 24-06-2022 T 12:36:58.5858 PM | LOG:	this is API call from /common/populate Fail Msg: TypeError: Cannot read properties of undefined (reading 'ErrorData') ]
[ ERROR | 24-06-2022 T 12:37:23.2323 PM | LOG:	this is API call from /common/populate Fail Msg: TypeError: Cannot read properties of undefined (reading 'ErrorData') ]
[ INFO | 24-06-2022 T 12:38:09.099 PM | LOG:	microservice is succesfully connected and raw data added in database ]
[ INFO | 24-06-2022 T 12:38:09.099 PM | LOG:	Example app listening at http://localhost:5000 ]
[ ERROR | 24-06-2022 T 12:38:12.1212 PM | LOG:	this is API call from /common/populate Fail Msg: TypeError: Cannot read properties of undefined (reading 'ErrorData') ]
[ INFO | 24-06-2022 T 12:38:12.1212 PM | LOG:	Populated Data is Added in database succesfully Connected ]
[ INFO | 24-06-2022 T 12:38:13.1313 PM | LOG:	Populated Data is Added in database succesfully Connected ]
[ INFO | 24-06-2022 T 12:38:27.2727 PM | LOG:	microservice is succesfully connected and raw data added in database ]
[ INFO | 24-06-2022 T 12:38:27.2727 PM | LOG:	Example app listening at http://localhost:5000 ]
[ INFO | 24-06-2022 T 12:38:29.2929 PM | LOG:	Populated Data is Added in database succesfully Connected ]
[ INFO | 24-06-2022 T 12:38:30.3030 PM | LOG:	Populated Data is Added in database succesfully Connected ]
[ INFO | 24-06-2022 T 12:38:33.3333 PM | LOG:	microservice is succesfully connected and raw data added in database ]
[ INFO | 24-06-2022 T 12:38:33.3333 PM | LOG:	Example app listening at http://localhost:5000 ]
[ ERROR | 24-06-2022 T 12:38:35.3535 PM | LOG:	this is API call from /common/populate Fail Msg: TypeError: Cannot read properties of undefined (reading 'ErrorData') ]
[ INFO | 24-06-2022 T 12:38:36.3636 PM | LOG:	Populated Data is Added in database succesfully Connected ]
[ INFO | 24-06-2022 T 12:38:38.3838 PM | LOG:	Populated Data is Added in database succesfully Connected ]
[ INFO | 24-06-2022 T 12:39:02.022 PM | LOG:	microservice is succesfully connected and raw data added in database ]
[ INFO | 24-06-2022 T 12:39:02.022 PM | LOG:	Example app listening at http://localhost:5000 ]
[ INFO | 24-06-2022 T 12:39:05.055 PM | LOG:	microservice is succesfully connected and raw data added in database ]
[ INFO | 24-06-2022 T 12:39:05.055 PM | LOG:	Example app listening at http://localhost:5000 ]
[ INFO | 24-06-2022 T 12:39:08.088 PM | LOG:	Populated Data is Added in database succesfully Connected ]
[ INFO | 24-06-2022 T 12:39:09.099 PM | LOG:	Populated Data is Added in database succesfully Connected ]
[ INFO | 24-06-2022 T 12:39:09.099 PM | LOG:	Populated Data is Added in database succesfully Connected ]
[ INFO | 24-06-2022 T 12:39:09.099 PM | LOG:	Populated Data is Added in database succesfully Connected ]
[ INFO | 24-06-2022 T 12:39:28.2828 PM | LOG:	microservice is succesfully connected and raw data added in database ]
[ INFO | 24-06-2022 T 12:39:28.2828 PM | LOG:	Example app listening at http://localhost:5000 ]
[ INFO | 24-06-2022 T 12:39:29.2929 PM | LOG:	microservice is succesfully connected and raw data added in database ]
[ INFO | 24-06-2022 T 12:39:29.2929 PM | LOG:	Example app listening at http://localhost:5000 ]
[ INFO | 24-06-2022 T 12:39:31.3131 PM | LOG:	microservice is succesfully connected and raw data added in database ]
[ INFO | 24-06-2022 T 12:39:31.3131 PM | LOG:	Example app listening at http://localhost:5000 ]
[ INFO | 24-06-2022 T 12:39:34.3434 PM | LOG:	Populated Data is Added in database succesfully Connected ]
[ INFO | 24-06-2022 T 12:39:34.3434 PM | LOG:	Populated Data is Added in database succesfully Connected ]
[ ERROR | 24-06-2022 T 12:39:35.3535 PM | LOG:	this is API call from /common/populate Fail Msg: TypeError: Cannot read properties of undefined (reading 'ErrorData') ]
[ INFO | 24-06-2022 T 12:39:35.3535 PM | LOG:	Populated Data is Added in database succesfully Connected ]
[ INFO | 24-06-2022 T 12:39:35.3535 PM | LOG:	Populated Data is Added in database succesfully Connected ]
[ INFO | 24-06-2022 T 12:43:25.2525 PM | LOG:	Populated Data is Added in database succesfully Connected ]
[ INFO | 24-06-2022 T 12:56:44.4444 PM | LOG:	microservice is succesfully connected and raw data added in database ]
[ INFO | 24-06-2022 T 12:56:44.4444 PM | LOG:	Example app listening at http://localhost:5000 ]
[ INFO | 24-06-2022 T 12:56:47.4747 PM | LOG:	Populated Data is Added in database succesfully Connected ]
[ INFO | 24-06-2022 T 12:57:00.000 PM | LOG:	microservice is succesfully connected and raw data added in database ]
[ INFO | 24-06-2022 T 12:57:00.000 PM | LOG:	Example app listening at http://localhost:5000 ]
[ INFO | 24-06-2022 T 12:57:03.033 PM | LOG:	Populated Data is Added in database succesfully Connected ]
[ INFO | 24-06-2022 T 12:57:11.1111 PM | LOG:	microservice is succesfully connected and raw data added in database ]
[ INFO | 24-06-2022 T 12:57:11.1111 PM | LOG:	Example app listening at http://localhost:5000 ]
[ INFO | 24-06-2022 T 12:57:14.1414 PM | LOG:	microservice is succesfully connected and raw data added in database ]
[ INFO | 24-06-2022 T 12:57:14.1414 PM | LOG:	Example app listening at http://localhost:5000 ]
[ INFO | 24-06-2022 T 12:57:17.1717 PM | LOG:	Populated Data is Added in database succesfully Connected ]
[ INFO | 24-06-2022 T 12:57:17.1717 PM | LOG:	Populated Data is Added in database succesfully Connected ]
[ INFO | 24-06-2022 T 12:57:18.1818 PM | LOG:	microservice is succesfully connected and raw data added in database ]
[ INFO | 24-06-2022 T 12:57:18.1818 PM | LOG:	Example app listening at http://localhost:5000 ]
[ INFO | 24-06-2022 T 12:57:21.2121 PM | LOG:	microservice is succesfully connected and raw data added in database ]
[ INFO | 24-06-2022 T 12:57:21.2121 PM | LOG:	Example app listening at http://localhost:5000 ]
[ INFO | 24-06-2022 T 12:57:24.2424 PM | LOG:	Populated Data is Added in database succesfully Connected ]
[ INFO | 24-06-2022 T 12:57:24.2424 PM | LOG:	Populated Data is Added in database succesfully Connected ]
[ ERROR | 24-06-2022 T 12:57:27.2727 PM | LOG:	this is API call from /common/populate Fail Msg: TypeError: Cannot read properties of undefined (reading 'ErrorData') ]
[ INFO | 24-06-2022 T 01:02:25.2525 PM | LOG:	microservice is succesfully connected and raw data added in database ]
[ INFO | 24-06-2022 T 01:02:25.2525 PM | LOG:	Example app listening at http://localhost:5000 ]
[ ERROR | 24-06-2022 T 01:02:28.2828 PM | LOG:	this is API call from /common/populate Fail Msg: TypeError: Cannot read properties of undefined (reading 'ErrorData') ]
[ INFO | 24-06-2022 T 01:02:28.2828 PM | LOG:	Populated Data is Added in database succesfully Connected ]
[ INFO | 24-06-2022 T 01:10:59.5959 PM | LOG:	microservice is succesfully connected and raw data added in database ]
[ INFO | 24-06-2022 T 01:10:59.5959 PM | LOG:	Example app listening at http://localhost:5000 ]
[ INFO | 24-06-2022 T 01:11:02.022 PM | LOG:	microservice is succesfully connected and raw data added in database ]
[ INFO | 24-06-2022 T 01:11:02.022 PM | LOG:	Example app listening at http://localhost:5000 ]
[ INFO | 24-06-2022 T 01:11:05.055 PM | LOG:	Populated Data is Added in database succesfully Connected ]
[ INFO | 24-06-2022 T 01:11:06.066 PM | LOG:	Populated Data is Added in database succesfully Connected ]
[ INFO | 24-06-2022 T 01:11:07.077 PM | LOG:	microservice is succesfully connected and raw data added in database ]
[ INFO | 24-06-2022 T 01:11:07.077 PM | LOG:	Example app listening at http://localhost:5000 ]
[ INFO | 24-06-2022 T 01:11:10.1010 PM | LOG:	microservice is succesfully connected and raw data added in database ]
[ INFO | 24-06-2022 T 01:11:10.1010 PM | LOG:	Example app listening at http://localhost:5000 ]
[ INFO | 24-06-2022 T 01:11:12.1212 PM | LOG:	Populated Data is Added in database succesfully Connected ]
[ INFO | 24-06-2022 T 01:11:13.1313 PM | LOG:	Populated Data is Added in database succesfully Connected ]
[ ERROR | 24-06-2022 T 01:11:14.1414 PM | LOG:	this is API call from /common/populate Fail Msg: TypeError: Cannot read properties of undefined (reading 'ErrorData') ]
[ ERROR | 24-06-2022 T 01:11:24.2424 PM | LOG:	this is API call from /common/populate Fail Msg: TypeError: Cannot read properties of undefined (reading 'ErrorData') ]
[ ERROR | 24-06-2022 T 01:11:25.2525 PM | LOG:	this is API call from /common/populate Fail Msg: TypeError: Cannot read properties of undefined (reading 'ErrorData') ]
[ INFO | 24-06-2022 T 01:12:20.2020 PM | LOG:	microservice is succesfully connected and raw data added in database ]
[ INFO | 24-06-2022 T 01:12:20.2020 PM | LOG:	Example app listening at http://localhost:5000 ]
[ INFO | 24-06-2022 T 01:12:23.2323 PM | LOG:	microservice is succesfully connected and raw data added in database ]
[ INFO | 24-06-2022 T 01:12:23.2323 PM | LOG:	Example app listening at http://localhost:5000 ]
[ INFO | 24-06-2022 T 01:12:26.2626 PM | LOG:	microservice is succesfully connected and raw data added in database ]
[ INFO | 24-06-2022 T 01:12:26.2626 PM | LOG:	Example app listening at http://localhost:5000 ]
[ INFO | 24-06-2022 T 01:12:29.2929 PM | LOG:	Populated Data is Added in database succesfully Connected ]
[ INFO | 24-06-2022 T 01:12:29.2929 PM | LOG:	Populated Data is Added in database succesfully Connected ]
[ INFO | 24-06-2022 T 01:12:30.3030 PM | LOG:	Populated Data is Added in database succesfully Connected ]
[ INFO | 24-06-2022 T 01:12:52.5252 PM | LOG:	microservice is succesfully connected and raw data added in database ]
[ INFO | 24-06-2022 T 01:12:52.5252 PM | LOG:	Example app listening at http://localhost:5000 ]
[ INFO | 24-06-2022 T 01:12:55.5555 PM | LOG:	Populated Data is Added in database succesfully Connected ]
[ INFO | 24-06-2022 T 01:12:57.5757 PM | LOG:	microservice is succesfully connected and raw data added in database ]
[ INFO | 24-06-2022 T 01:12:57.5757 PM | LOG:	Example app listening at http://localhost:5000 ]
[ INFO | 24-06-2022 T 01:13:00.000 PM | LOG:	Populated Data is Added in database succesfully Connected ]
[ INFO | 24-06-2022 T 01:13:59.5959 PM | LOG:	microservice is succesfully connected and raw data added in database ]
[ INFO | 24-06-2022 T 01:13:59.5959 PM | LOG:	Example app listening at http://localhost:5000 ]
[ INFO | 24-06-2022 T 01:14:02.022 PM | LOG:	Populated Data is Added in database succesfully Connected ]
[ INFO | 24-06-2022 T 01:14:06.066 PM | LOG:	microservice is succesfully connected and raw data added in database ]
[ INFO | 24-06-2022 T 01:14:06.066 PM | LOG:	Example app listening at http://localhost:5000 ]
[ INFO | 24-06-2022 T 01:14:09.099 PM | LOG:	Populated Data is Added in database succesfully Connected ]
[ INFO | 24-06-2022 T 01:15:50.5050 PM | LOG:	microservice is succesfully connected and raw data added in database ]
[ INFO | 24-06-2022 T 01:15:50.5050 PM | LOG:	Example app listening at http://localhost:5000 ]
[ INFO | 24-06-2022 T 01:15:53.5353 PM | LOG:	microservice is succesfully connected and raw data added in database ]
[ INFO | 24-06-2022 T 01:15:53.5353 PM | LOG:	Example app listening at http://localhost:5000 ]
[ INFO | 24-06-2022 T 01:15:56.5656 PM | LOG:	Populated Data is Added in database succesfully Connected ]
[ INFO | 24-06-2022 T 01:15:57.5757 PM | LOG:	Populated Data is Added in database succesfully Connected ]
[ INFO | 24-06-2022 T 01:16:00.000 PM | LOG:	microservice is succesfully connected and raw data added in database ]
[ INFO | 24-06-2022 T 01:16:00.000 PM | LOG:	Example app listening at http://localhost:5000 ]
[ INFO | 24-06-2022 T 01:16:03.033 PM | LOG:	Populated Data is Added in database succesfully Connected ]
[ INFO | 24-06-2022 T 01:16:05.055 PM | LOG:	microservice is succesfully connected and raw data added in database ]
[ INFO | 24-06-2022 T 01:16:05.055 PM | LOG:	Example app listening at http://localhost:5000 ]
[ INFO | 24-06-2022 T 01:16:09.099 PM | LOG:	Populated Data is Added in database succesfully Connected ]
[ INFO | 24-06-2022 T 01:16:13.1313 PM | LOG:	microservice is succesfully connected and raw data added in database ]
[ INFO | 24-06-2022 T 01:16:13.1313 PM | LOG:	Example app listening at http://localhost:5000 ]
[ INFO | 24-06-2022 T 01:16:15.1515 PM | LOG:	Populated Data is Added in database succesfully Connected ]
[ INFO | 24-06-2022 T 01:16:16.1616 PM | LOG:	microservice is succesfully connected and raw data added in database ]
[ INFO | 24-06-2022 T 01:16:16.1616 PM | LOG:	Example app listening at http://localhost:5000 ]
[ INFO | 24-06-2022 T 01:16:20.2020 PM | LOG:	microservice is succesfully connected and raw data added in database ]
[ INFO | 24-06-2022 T 01:16:20.2020 PM | LOG:	Example app listening at http://localhost:5000 ]
[ INFO | 24-06-2022 T 01:16:22.2222 PM | LOG:	microservice is succesfully connected and raw data added in database ]
[ INFO | 24-06-2022 T 01:16:22.2222 PM | LOG:	Example app listening at http://localhost:5000 ]
[ INFO | 24-06-2022 T 01:16:28.2828 PM | LOG:	microservice is succesfully connected and raw data added in database ]
[ INFO | 24-06-2022 T 01:16:28.2828 PM | LOG:	Example app listening at http://localhost:5000 ]
[ INFO | 24-06-2022 T 01:16:31.3131 PM | LOG:	microservice is succesfully connected and raw data added in database ]
[ INFO | 24-06-2022 T 01:16:31.3131 PM | LOG:	Example app listening at http://localhost:5000 ]
[ INFO | 24-06-2022 T 01:16:35.3535 PM | LOG:	Populated Data is Added in database succesfully Connected ]
[ INFO | 24-06-2022 T 01:16:35.3535 PM | LOG:	Populated Data is Added in database succesfully Connected ]
[ INFO | 24-06-2022 T 01:16:35.3535 PM | LOG:	Populated Data is Added in database succesfully Connected ]
[ INFO | 24-06-2022 T 01:16:35.3535 PM | LOG:	Populated Data is Added in database succesfully Connected ]
[ INFO | 24-06-2022 T 01:16:36.3636 PM | LOG:	microservice is succesfully connected and raw data added in database ]
[ INFO | 24-06-2022 T 01:16:37.3737 PM | LOG:	Example app listening at http://localhost:5000 ]
[ INFO | 24-06-2022 T 01:16:39.3939 PM | LOG:	Populated Data is Added in database succesfully Connected ]
[ INFO | 24-06-2022 T 01:18:50.5050 PM | LOG:	this is API call from /end test success ]
[ INFO | 24-06-2022 T 02:08:26.2626 PM | LOG:	Populated Data is Added in database succesfully Connected ]
[ INFO | 24-06-2022 T 03:26:23.2323 PM | LOG:	microservice is succesfully connected and raw data added in database ]
[ INFO | 24-06-2022 T 03:26:23.2323 PM | LOG:	Example app listening at http://localhost:5000 ]
[ INFO | 24-06-2022 T 03:26:26.2626 PM | LOG:	Populated Data is Added in database succesfully Connected ]
[ INFO | 24-06-2022 T 03:32:58.5858 PM | LOG:	microservice is succesfully connected and raw data added in database ]
[ INFO | 24-06-2022 T 03:32:58.5858 PM | LOG:	Example app listening at http://localhost:5000 ]
[ INFO | 24-06-2022 T 03:33:01.011 PM | LOG:	Populated Data is Added in database succesfully Connected ]
